  HeroComponent.cpp
C:\Users\15015\Documents\School\Fall 2024\Intro to Game Programming\Game Programming Project\Game-Programming-Project\Game Programming Assignment\Source\HeroComponent.cpp(33,23): warning C4244: '-=': conversion from 'double' to 'float', possible loss of data
C:\Users\15015\Documents\School\Fall 2024\Intro to Game Programming\Game Programming Project\Game-Programming-Project\Game Programming Assignment\Source\HeroComponent.cpp(36,23): warning C4244: '+=': conversion from 'double' to 'float', possible loss of data
C:\Users\15015\Documents\School\Fall 2024\Intro to Game Programming\Game Programming Project\Game-Programming-Project\Game Programming Assignment\Source\HeroComponent.cpp(39,23): warning C4244: '-=': conversion from 'double' to 'float', possible loss of data
C:\Users\15015\Documents\School\Fall 2024\Intro to Game Programming\Game Programming Project\Game-Programming-Project\Game Programming Assignment\Source\HeroComponent.cpp(42,23): warning C4244: '+=': conversion from 'double' to 'float', possible loss of data
C:\Users\15015\Documents\School\Fall 2024\Intro to Game Programming\Game Programming Project\Game-Programming-Project\Game Programming Assignment\Source\HeroComponent.cpp(70,78): warning C4244: 'argument': conversion from 'double' to 'float', possible loss of data
C:\Program Files\Microsoft Visual Studio\2022\Community\VC\Tools\MSVC\14.41.34120\include\memory(3597,56): warning C4244: 'argument': conversion from 'double' to 'float', possible loss of data
  (compiling source file 'Source/HeroComponent.cpp')
      C:\Program Files\Microsoft Visual Studio\2022\Community\VC\Tools\MSVC\14.41.34120\include\memory(3597,56):
      the template instantiation context (the oldest one first) is
          C:\Users\15015\Documents\School\Fall 2024\Intro to Game Programming\Game Programming Project\Game-Programming-Project\Game Programming Assignment\Source\HeroComponent.cpp(12,27):
          see reference to function template instantiation 'std::unique_ptr<HeroComponent,std::default_delete<HeroComponent>> std::make_unique<HeroComponent,GameObject&,double&,0>(GameObject &,double &)' being compiled
  
  ComponentLibrary.cpp
C:\Users\15015\Documents\School\Fall 2024\Intro to Game Programming\Game Programming Project\Game-Programming-Project\Game Programming Assignment\Source\ZombieComponent.h(13,54): warning C4244: 'initializing': conversion from 'float' to 'int', possible loss of data
  (compiling source file 'Source/ComponentLibrary.cpp')
  
C:\Users\15015\Documents\School\Fall 2024\Intro to Game Programming\Game Programming Project\Game-Programming-Project\Game Programming Assignment\Source\ZombieComponent.h(13,69): warning C4244: 'initializing': conversion from 'float' to 'int', possible loss of data
  (compiling source file 'Source/ComponentLibrary.cpp')
  
C:\Users\15015\Documents\School\Fall 2024\Intro to Game Programming\Game Programming Project\Game-Programming-Project\Game Programming Assignment\Source\ZombieComponent.h(54,30): warning C4244: '=': conversion from 'double' to 'float', possible loss of data
  (compiling source file 'Source/ComponentLibrary.cpp')
  
  GameContactListener.cpp
C:\Users\15015\Documents\School\Fall 2024\Intro to Game Programming\Game Programming Project\Game-Programming-Project\Game Programming Assignment\Source\ZombieComponent.h(13,54): warning C4244: 'initializing': conversion from 'float' to 'int', possible loss of data
  (compiling source file 'Source/GameContactListener.cpp')
  
C:\Users\15015\Documents\School\Fall 2024\Intro to Game Programming\Game Programming Project\Game-Programming-Project\Game Programming Assignment\Source\ZombieComponent.h(13,69): warning C4244: 'initializing': conversion from 'float' to 'int', possible loss of data
  (compiling source file 'Source/GameContactListener.cpp')
  
C:\Users\15015\Documents\School\Fall 2024\Intro to Game Programming\Game Programming Project\Game-Programming-Project\Game Programming Assignment\Source\ZombieComponent.h(54,30): warning C4244: '=': conversion from 'double' to 'float', possible loss of data
  (compiling source file 'Source/GameContactListener.cpp')
  
  Generating Code...
  Component Example.vcxproj -> C:\Users\15015\Documents\School\Fall 2024\Intro to Game Programming\Game Programming Project\Game-Programming-Project\Game Programming Assignment\x64\Debug\GameProgrammingAssignment.exe
  'pwsh.exe' is not recognized as an internal or external command,
  operable program or batch file.
